ERROR - 2024-02-14 08:49:02 --> mysqli_sql_exception: Duplicate entry '6' for key 'cities.PRIMARY' in D:\laragon\www\helix\system\Database\MySQLi\Connection.php:306
Stack trace:
#0 D:\laragon\www\helix\system\Database\MySQLi\Connection.php(306): mysqli->query('INSERT INTO `ci...', 0)
#1 D:\laragon\www\helix\system\Database\BaseConnection.php(693): CodeIgniter\Database\MySQLi\Connection->execute('INSERT INTO `ci...')
#2 D:\laragon\www\helix\system\Database\BaseConnection.php(607): CodeIgniter\Database\BaseConnection->simpleQuery('INSERT INTO `ci...')
#3 D:\laragon\www\helix\system\Database\BaseBuilder.php(2307): CodeIgniter\Database\BaseConnection->query('INSERT INTO `ci...', Array, false)
#4 D:\laragon\www\helix\system\Model.php(326): CodeIgniter\Database\BaseBuilder->insert()
#5 D:\laragon\www\helix\system\BaseModel.php(802): CodeIgniter\Model->doInsert(Array)
#6 D:\laragon\www\helix\system\Model.php(744): CodeIgniter\BaseModel->insert(Array, true)
#7 D:\laragon\www\helix\app\Controllers\Home.php(44): CodeIgniter\Model->insert(Object(App\Entities\City))
#8 D:\laragon\www\helix\system\CodeIgniter.php(941): App\Controllers\Home->saveCity()
#9 D:\laragon\www\helix\system\CodeIgniter.php(502): CodeIgniter\CodeIgniter->runController(Object(App\Controllers\Home))
#10 D:\laragon\www\helix\system\CodeIgniter.php(361): CodeIgniter\CodeIgniter->handleRequest(NULL, Object(Config\Cache), false)
#11 D:\laragon\www\helix\public\index.php(79): CodeIgniter\CodeIgniter->run()
#12 {main}
CRITICAL - 2024-02-14 08:49:02 --> CodeIgniter\Database\Exceptions\DatabaseException: Duplicate entry '6' for key 'cities.PRIMARY'
in SYSTEMPATH\Database\BaseConnection.php on line 647.
 1 SYSTEMPATH\Database\BaseBuilder.php(2307): CodeIgniter\Database\BaseConnection->query('INSERT INTO `cities` (`id`, `name`, `longitude`, `latitude`, `created_at`, `updated_at`) VALUES (:id:, :name:, :longitude:, :latitude:, :created_at:, :updated_at:)', [...], false)
 2 SYSTEMPATH\Model.php(326): CodeIgniter\Database\BaseBuilder->insert()
 3 SYSTEMPATH\BaseModel.php(802): CodeIgniter\Model->doInsert([...])
 4 SYSTEMPATH\Model.php(744): CodeIgniter\BaseModel->insert([...], true)
 5 APPPATH\Controllers\Home.php(44): CodeIgniter\Model->insert(Object(App\Entities\City))
 6 SYSTEMPATH\CodeIgniter.php(941): App\Controllers\Home->saveCity()
 7 SYSTEMPATH\CodeIgniter.php(502): CodeIgniter\CodeIgniter->runController(Object(App\Controllers\Home))
 8 SYSTEMPATH\CodeIgniter.php(361): CodeIgniter\CodeIgniter->handleRequest(null, Object(Config\Cache), false)
 9 FCPATH\index.php(79): CodeIgniter\CodeIgniter->run()
CRITICAL - 2024-02-14 08:49:02 --> [Caused by] CodeIgniter\Database\Exceptions\DatabaseException: Duplicate entry '6' for key 'cities.PRIMARY'
in SYSTEMPATH\Database\MySQLi\Connection.php on line 311.
 1 SYSTEMPATH\Database\BaseConnection.php(693): CodeIgniter\Database\MySQLi\Connection->execute('INSERT INTO `cities` (`id`, `name`, `longitude`, `latitude`, `created_at`, `updated_at`) VALUES (\'6\', \'Budapest\', 19.0408, 47.4983, \'2024-02-14 08:49:02\', \'2024-02-14 08:49:02\')')
 2 SYSTEMPATH\Database\BaseConnection.php(607): CodeIgniter\Database\BaseConnection->simpleQuery('INSERT INTO `cities` (`id`, `name`, `longitude`, `latitude`, `created_at`, `updated_at`) VALUES (\'6\', \'Budapest\', 19.0408, 47.4983, \'2024-02-14 08:49:02\', \'2024-02-14 08:49:02\')')
 3 SYSTEMPATH\Database\BaseBuilder.php(2307): CodeIgniter\Database\BaseConnection->query('INSERT INTO `cities` (`id`, `name`, `longitude`, `latitude`, `created_at`, `updated_at`) VALUES (:id:, :name:, :longitude:, :latitude:, :created_at:, :updated_at:)', [...], false)
 4 SYSTEMPATH\Model.php(326): CodeIgniter\Database\BaseBuilder->insert()
 5 SYSTEMPATH\BaseModel.php(802): CodeIgniter\Model->doInsert([...])
 6 SYSTEMPATH\Model.php(744): CodeIgniter\BaseModel->insert([...], true)
 7 APPPATH\Controllers\Home.php(44): CodeIgniter\Model->insert(Object(App\Entities\City))
 8 SYSTEMPATH\CodeIgniter.php(941): App\Controllers\Home->saveCity()
 9 SYSTEMPATH\CodeIgniter.php(502): CodeIgniter\CodeIgniter->runController(Object(App\Controllers\Home))
10 SYSTEMPATH\CodeIgniter.php(361): CodeIgniter\CodeIgniter->handleRequest(null, Object(Config\Cache), false)
11 FCPATH\index.php(79): CodeIgniter\CodeIgniter->run()
CRITICAL - 2024-02-14 08:49:02 --> [Caused by] mysqli_sql_exception: Duplicate entry '6' for key 'cities.PRIMARY'
in SYSTEMPATH\Database\MySQLi\Connection.php on line 306.
 1 SYSTEMPATH\Database\MySQLi\Connection.php(306): mysqli->query('INSERT INTO `cities` (`id`, `name`, `longitude`, `latitude`, `created_at`, `updated_at`) VALUES (\'6\', \'Budapest\', 19.0408, 47.4983, \'2024-02-14 08:49:02\', \'2024-02-14 08:49:02\')', 0)
 2 SYSTEMPATH\Database\BaseConnection.php(693): CodeIgniter\Database\MySQLi\Connection->execute('INSERT INTO `cities` (`id`, `name`, `longitude`, `latitude`, `created_at`, `updated_at`) VALUES (\'6\', \'Budapest\', 19.0408, 47.4983, \'2024-02-14 08:49:02\', \'2024-02-14 08:49:02\')')
 3 SYSTEMPATH\Database\BaseConnection.php(607): CodeIgniter\Database\BaseConnection->simpleQuery('INSERT INTO `cities` (`id`, `name`, `longitude`, `latitude`, `created_at`, `updated_at`) VALUES (\'6\', \'Budapest\', 19.0408, 47.4983, \'2024-02-14 08:49:02\', \'2024-02-14 08:49:02\')')
 4 SYSTEMPATH\Database\BaseBuilder.php(2307): CodeIgniter\Database\BaseConnection->query('INSERT INTO `cities` (`id`, `name`, `longitude`, `latitude`, `created_at`, `updated_at`) VALUES (:id:, :name:, :longitude:, :latitude:, :created_at:, :updated_at:)', [...], false)
 5 SYSTEMPATH\Model.php(326): CodeIgniter\Database\BaseBuilder->insert()
 6 SYSTEMPATH\BaseModel.php(802): CodeIgniter\Model->doInsert([...])
 7 SYSTEMPATH\Model.php(744): CodeIgniter\BaseModel->insert([...], true)
 8 APPPATH\Controllers\Home.php(44): CodeIgniter\Model->insert(Object(App\Entities\City))
 9 SYSTEMPATH\CodeIgniter.php(941): App\Controllers\Home->saveCity()
10 SYSTEMPATH\CodeIgniter.php(502): CodeIgniter\CodeIgniter->runController(Object(App\Controllers\Home))
11 SYSTEMPATH\CodeIgniter.php(361): CodeIgniter\CodeIgniter->handleRequest(null, Object(Config\Cache), false)
12 FCPATH\index.php(79): CodeIgniter\CodeIgniter->run()
ERROR - 2024-02-14 08:49:59 --> mysqli_sql_exception: Duplicate entry '6' for key 'cities.PRIMARY' in D:\laragon\www\helix\system\Database\MySQLi\Connection.php:306
Stack trace:
#0 D:\laragon\www\helix\system\Database\MySQLi\Connection.php(306): mysqli->query('INSERT INTO `ci...', 0)
#1 D:\laragon\www\helix\system\Database\BaseConnection.php(693): CodeIgniter\Database\MySQLi\Connection->execute('INSERT INTO `ci...')
#2 D:\laragon\www\helix\system\Database\BaseConnection.php(607): CodeIgniter\Database\BaseConnection->simpleQuery('INSERT INTO `ci...')
#3 D:\laragon\www\helix\system\Database\BaseBuilder.php(2307): CodeIgniter\Database\BaseConnection->query('INSERT INTO `ci...', Array, false)
#4 D:\laragon\www\helix\system\Model.php(326): CodeIgniter\Database\BaseBuilder->insert()
#5 D:\laragon\www\helix\system\BaseModel.php(802): CodeIgniter\Model->doInsert(Array)
#6 D:\laragon\www\helix\system\Model.php(744): CodeIgniter\BaseModel->insert(Array, true)
#7 D:\laragon\www\helix\app\Controllers\Home.php(46): CodeIgniter\Model->insert(Object(App\Entities\City))
#8 D:\laragon\www\helix\system\CodeIgniter.php(941): App\Controllers\Home->saveCity()
#9 D:\laragon\www\helix\system\CodeIgniter.php(502): CodeIgniter\CodeIgniter->runController(Object(App\Controllers\Home))
#10 D:\laragon\www\helix\system\CodeIgniter.php(361): CodeIgniter\CodeIgniter->handleRequest(NULL, Object(Config\Cache), false)
#11 D:\laragon\www\helix\public\index.php(79): CodeIgniter\CodeIgniter->run()
#12 {main}
CRITICAL - 2024-02-14 08:49:59 --> CodeIgniter\Database\Exceptions\DatabaseException: Duplicate entry '6' for key 'cities.PRIMARY'
in SYSTEMPATH\Database\BaseConnection.php on line 647.
 1 SYSTEMPATH\Database\BaseBuilder.php(2307): CodeIgniter\Database\BaseConnection->query('INSERT INTO `cities` (`id`, `name`, `longitude`, `latitude`, `created_at`, `updated_at`) VALUES (:id:, :name:, :longitude:, :latitude:, :created_at:, :updated_at:)', [...], false)
 2 SYSTEMPATH\Model.php(326): CodeIgniter\Database\BaseBuilder->insert()
 3 SYSTEMPATH\BaseModel.php(802): CodeIgniter\Model->doInsert([...])
 4 SYSTEMPATH\Model.php(744): CodeIgniter\BaseModel->insert([...], true)
 5 APPPATH\Controllers\Home.php(46): CodeIgniter\Model->insert(Object(App\Entities\City))
 6 SYSTEMPATH\CodeIgniter.php(941): App\Controllers\Home->saveCity()
 7 SYSTEMPATH\CodeIgniter.php(502): CodeIgniter\CodeIgniter->runController(Object(App\Controllers\Home))
 8 SYSTEMPATH\CodeIgniter.php(361): CodeIgniter\CodeIgniter->handleRequest(null, Object(Config\Cache), false)
 9 FCPATH\index.php(79): CodeIgniter\CodeIgniter->run()
CRITICAL - 2024-02-14 08:49:59 --> [Caused by] CodeIgniter\Database\Exceptions\DatabaseException: Duplicate entry '6' for key 'cities.PRIMARY'
in SYSTEMPATH\Database\MySQLi\Connection.php on line 311.
 1 SYSTEMPATH\Database\BaseConnection.php(693): CodeIgniter\Database\MySQLi\Connection->execute('INSERT INTO `cities` (`id`, `name`, `longitude`, `latitude`, `created_at`, `updated_at`) VALUES (\'6\', \'Budapest\', 19.0408, 47.4983, \'2024-02-14 08:49:59\', \'2024-02-14 08:49:59\')')
 2 SYSTEMPATH\Database\BaseConnection.php(607): CodeIgniter\Database\BaseConnection->simpleQuery('INSERT INTO `cities` (`id`, `name`, `longitude`, `latitude`, `created_at`, `updated_at`) VALUES (\'6\', \'Budapest\', 19.0408, 47.4983, \'2024-02-14 08:49:59\', \'2024-02-14 08:49:59\')')
 3 SYSTEMPATH\Database\BaseBuilder.php(2307): CodeIgniter\Database\BaseConnection->query('INSERT INTO `cities` (`id`, `name`, `longitude`, `latitude`, `created_at`, `updated_at`) VALUES (:id:, :name:, :longitude:, :latitude:, :created_at:, :updated_at:)', [...], false)
 4 SYSTEMPATH\Model.php(326): CodeIgniter\Database\BaseBuilder->insert()
 5 SYSTEMPATH\BaseModel.php(802): CodeIgniter\Model->doInsert([...])
 6 SYSTEMPATH\Model.php(744): CodeIgniter\BaseModel->insert([...], true)
 7 APPPATH\Controllers\Home.php(46): CodeIgniter\Model->insert(Object(App\Entities\City))
 8 SYSTEMPATH\CodeIgniter.php(941): App\Controllers\Home->saveCity()
 9 SYSTEMPATH\CodeIgniter.php(502): CodeIgniter\CodeIgniter->runController(Object(App\Controllers\Home))
10 SYSTEMPATH\CodeIgniter.php(361): CodeIgniter\CodeIgniter->handleRequest(null, Object(Config\Cache), false)
11 FCPATH\index.php(79): CodeIgniter\CodeIgniter->run()
CRITICAL - 2024-02-14 08:49:59 --> [Caused by] mysqli_sql_exception: Duplicate entry '6' for key 'cities.PRIMARY'
in SYSTEMPATH\Database\MySQLi\Connection.php on line 306.
 1 SYSTEMPATH\Database\MySQLi\Connection.php(306): mysqli->query('INSERT INTO `cities` (`id`, `name`, `longitude`, `latitude`, `created_at`, `updated_at`) VALUES (\'6\', \'Budapest\', 19.0408, 47.4983, \'2024-02-14 08:49:59\', \'2024-02-14 08:49:59\')', 0)
 2 SYSTEMPATH\Database\BaseConnection.php(693): CodeIgniter\Database\MySQLi\Connection->execute('INSERT INTO `cities` (`id`, `name`, `longitude`, `latitude`, `created_at`, `updated_at`) VALUES (\'6\', \'Budapest\', 19.0408, 47.4983, \'2024-02-14 08:49:59\', \'2024-02-14 08:49:59\')')
 3 SYSTEMPATH\Database\BaseConnection.php(607): CodeIgniter\Database\BaseConnection->simpleQuery('INSERT INTO `cities` (`id`, `name`, `longitude`, `latitude`, `created_at`, `updated_at`) VALUES (\'6\', \'Budapest\', 19.0408, 47.4983, \'2024-02-14 08:49:59\', \'2024-02-14 08:49:59\')')
 4 SYSTEMPATH\Database\BaseBuilder.php(2307): CodeIgniter\Database\BaseConnection->query('INSERT INTO `cities` (`id`, `name`, `longitude`, `latitude`, `created_at`, `updated_at`) VALUES (:id:, :name:, :longitude:, :latitude:, :created_at:, :updated_at:)', [...], false)
 5 SYSTEMPATH\Model.php(326): CodeIgniter\Database\BaseBuilder->insert()
 6 SYSTEMPATH\BaseModel.php(802): CodeIgniter\Model->doInsert([...])
 7 SYSTEMPATH\Model.php(744): CodeIgniter\BaseModel->insert([...], true)
 8 APPPATH\Controllers\Home.php(46): CodeIgniter\Model->insert(Object(App\Entities\City))
 9 SYSTEMPATH\CodeIgniter.php(941): App\Controllers\Home->saveCity()
10 SYSTEMPATH\CodeIgniter.php(502): CodeIgniter\CodeIgniter->runController(Object(App\Controllers\Home))
11 SYSTEMPATH\CodeIgniter.php(361): CodeIgniter\CodeIgniter->handleRequest(null, Object(Config\Cache), false)
12 FCPATH\index.php(79): CodeIgniter\CodeIgniter->run()
